<?xml version="1.0" encoding="UTF-8"?>
<!-- Generated by org.testng.reporters.JUnitReportReporter -->
<testsuite hostname="DESKTOP-3A4TQUF" failures="0" tests="1" name="Action_class.draganddrop" time="5.125" errors="0" timestamp="2022-02-24T17:03:56 IST" skipped="0">
  <testcase classname="Action_class.draganddrop" name="text" time="5.125"/>
  <system-out/>
</testsuite> <!-- Action_class.draganddrop -->
