<?xml version="1.0" encoding="UTF-8"?>
<!-- Generated by org.testng.reporters.JUnitReportReporter -->
<testsuite hostname="DESKTOP-3A4TQUF" failures="0" tests="1" name="tc1.tc1_1" time="0.013" errors="0" timestamp="2022-01-28T09:52:25 IST" skipped="0">
  <testcase classname="tc1.tc1_1" name="login" time="0.013"/>
  <system-out/>
</testsuite> <!-- tc1.tc1_1 -->
